<?xml version="1.0" encoding="UTF-8"?>
<!-- Generated by org.testng.reporters.JUnitReportReporter -->
<testsuite hostname="DESKTOP-QI6H2EA" failures="0" tests="3" name="com.qa.openkart.test.LoginPageTest" time="2.035" errors="0" timestamp="2024-02-15T08:42:38 IST" skipped="0">
  <testcase classname="com.qa.openkart.test.LoginPageTest" name="loginPagenavigationTest" time="0.941"/>
  <testcase classname="com.qa.openkart.test.LoginPageTest" name="forgotPwdLinkExist" time="0.018"/>
  <testcase classname="com.qa.openkart.test.LoginPageTest" name="loginTest" time="1.076"/>
</testsuite> <!-- com.qa.openkart.test.LoginPageTest -->
