<?xml version="1.0" encoding="UTF-8"?>
<!-- Generated by org.testng.reporters.JUnitReportReporter -->
<testsuite hostname="DESKTOP-QI6H2EA" failures="0" tests="4" name="com.qa.openkart.test.HomepageTest" time="7.504" errors="0" timestamp="2024-02-15T08:42:38 IST" skipped="0">
  <testcase classname="com.qa.openkart.test.HomepageTest" name="homepageTitle" time="0.061"/>
  <testcase classname="com.qa.openkart.test.HomepageTest" name="homepageURL" time="0.006"/>
  <testcase classname="com.qa.openkart.test.HomepageTest" name="search" time="3.703"/>
  <testcase classname="com.qa.openkart.test.HomepageTest" name="search" time="3.734"/>
</testsuite> <!-- com.qa.openkart.test.HomepageTest -->
